KassArrayPR: лог изменений

ToDo:
- добавить поиск пользователя по названию
- добавить автоподстановку реквизитов пользователя, если его ИНН был успешно получен из ФН

Версия 8.1.1:
• Обновлены внутренние сборки приложения

Версия 8.1:
• Windows: применение текущих обновлений подсистемы локализации

Версия 8.0.8:
• Windows: контекстное меню подстановок в полях ввода адреса переназначено на двойной клик мышью

Версия 8.0.7:
• Обновлены пакеты поддержки .NET

Версия 8.0.6:
• Windows: дополнена проверка версии общей библиотеки перед запуском приложения

Версия 8.0.4:
• Windows: обновлён метод запроса журнала изменений;
• Android: добавлены подсказки к настройкам приложения

Версия 8.0.3:
• Windows: скорректирована обработка событий вызова приложения из KassArrayHC и из системы

Версия 8.0.2:
• Android: приложение теперь использует полное имя сборки в своём описании

Версия 8.0.1:
• Windows: жёсткая связка версий сборок заменена контролем версии протокола библиотеки;
• Android: обновлены сборки .NET;
• Android: обновлено оффлайн-руководство

Версия 8.0:
• Выполнено отделение от общего репозитория KassArray
